This file contains any messages produced by compilers while
running configure, to aid debugging if configure makes a mistake.

It was created by configure, which was
generated by GNU Autoconf 2.61.  Invocation command line was

  $ ./configure 

## --------- ##
## Platform. ##
## --------- ##

hostname = minerva2
uname -m = x86_64
uname -r = 2.6.32-358.6.2.el6.x86_64
uname -s = Linux
uname -v = #1 SMP Thu May 16 20:59:36 UTC 2013

/usr/bin/uname -p = unknown
/bin/uname -X     = unknown

/bin/arch              = x86_64
/usr/bin/arch -k       = unknown
/usr/convex/getsysinfo = unknown
/usr/bin/hostinfo      = unknown
/bin/machine           = unknown
/usr/bin/oslevel       = unknown
/bin/universe          = unknown

PATH: /hpc/users/xfengz02/local/mysql/mysql/bin
PATH: /hpc/users/xfengz02/local/mysql/mysql/scripts
PATH: /hpc/users/xfengz02/SXSB/tools/MISO/bin
PATH: /hpc/users/xfengz02/SXSB/bin
PATH: /hpc/users/xfengz02/GitHub/seqBMA/bin
PATH: /hpc/users/xfengz02/local/MoSDi/bin
PATH: /hpc/users/xfengz02/local/meme/bin
PATH: /hpc/users/xfengz02/local/hdf5/bin
PATH: /hpc/users/xfengz02/tool/blasr-master/alignment/bin
PATH: /packages/minerva-amd/matplotlib/1.2.1-python2.7.2
PATH: /packages/minerva-amd/pysam/0.6
PATH: /packages/minerva-amd/numpy/1.7.1-python2.7.2/bin
PATH: /packages/minerva-amd/bowtie/bowtie2-2.0.0-beta5/bin
PATH: /packages/minerva-amd/tophat/2.0.6/bin
PATH: /packages/minerva-amd/python/2.7.2/bin
PATH: /packages/minerva-amd/cufflinks/2.1.1/bin
PATH: /packages/minerva-amd/python/2.7.3/bin
PATH: /packages/minerva-amd/samtools/0.1.18/misc
PATH: /packages/minerva-amd/samtools/0.1.18/bcftools
PATH: /packages/minerva-amd/samtools/0.1.18
PATH: /packages/minerva-amd/R/3.0.1/lib64/R/bin
PATH: /packages/minerva-amd/netCDF/4.3.0/bin
PATH: /packages/minerva-amd/geos/3.4.2/bin
PATH: /packages/minerva-amd/gsl/1.15/bin
PATH: /packages/minerva-amd/gcc/4.6.3/bin
PATH: /usr/lib64/qt-3.3/bin
PATH: /usr/NX/bin
PATH: /opt/moab/bin
PATH: /opt/mam/bin
PATH: /usr/local/bin
PATH: /bin
PATH: /usr/bin
PATH: /usr/local/sbin
PATH: /usr/sbin
PATH: /sbin
PATH: /opt/bin
PATH: /hpc/users/xfengz02/bin


## ----------- ##
## Core tests. ##
## ----------- ##

configure:1691: checking for gcc
configure:1707: found /packages/minerva-amd/gcc/4.6.3/bin/gcc
configure:1718: result: gcc
configure:1956: checking for C compiler version
configure:1963: gcc --version >&5
gcc (GCC) 4.6.3
Copyright (C) 2011 Free Software Foundation, Inc.
This is free software; see the source for copying conditions.  There is NO
warranty; not even for MERCHANTABILITY or FITNESS FOR A PARTICULAR PURPOSE.

configure:1966: $? = 0
configure:1973: gcc -v >&5
Using built-in specs.
COLLECT_GCC=gcc
COLLECT_LTO_WRAPPER=/packages/gcc/4.6.3/libexec/gcc/x86_64-unknown-linux-gnu/4.6.3/lto-wrapper
Target: x86_64-unknown-linux-gnu
Configured with: ./configure --prefix=/packages/gcc/4.6.3
Thread model: posix
gcc version 4.6.3 (GCC) 
configure:1976: $? = 0
configure:1983: gcc -V >&5
gcc: error: unrecognized option '-V'
gcc: fatal error: no input files
compilation terminated.
configure:1986: $? = 1
configure:2009: checking for C compiler default output file name
configure:2036: gcc    conftest.c  >&5
configure:2039: $? = 0
configure:2077: result: a.out
configure:2094: checking whether the C compiler works
configure:2104: ./a.out
configure:2107: $? = 0
configure:2124: result: yes
configure:2131: checking whether we are cross compiling
configure:2133: result: no
configure:2136: checking for suffix of executables
configure:2143: gcc -o conftest    conftest.c  >&5
configure:2146: $? = 0
configure:2170: result: 
configure:2176: checking for suffix of object files
configure:2202: gcc -c   conftest.c >&5
configure:2205: $? = 0
configure:2228: result: o
configure:2232: checking whether we are using the GNU C compiler
configure:2261: gcc -c   conftest.c >&5
configure:2267: $? = 0
configure:2284: result: yes
configure:2289: checking whether gcc accepts -g
configure:2319: gcc -c -g  conftest.c >&5
configure:2325: $? = 0
configure:2424: result: yes
configure:2441: checking for gcc option to accept ISO C89
configure:2515: gcc  -c -g -O2  conftest.c >&5
configure:2521: $? = 0
configure:2544: result: none needed
configure:2616: checking for library containing inflate
configure:2657: gcc -o conftest -g -O2       conftest.c -lm >&5
/tmp/ccYnSJjq.o: In function `main':
/hpc/users/xfengz02/GitHub/seqBMA/library/h5r/conftest.c:19: undefined reference to `inflate'
collect2: ld returned 1 exit status
configure:2663: $? = 1
configure: failed program was:
| /* confdefs.h.  */
| #define PACKAGE_NAME ""
| #define PACKAGE_TARNAME ""
| #define PACKAGE_VERSION ""
| #define PACKAGE_STRING ""
| #define PACKAGE_BUGREPORT ""
| /* end confdefs.h.  */
| 
| /* Override any GCC internal prototype to avoid an error.
|    Use char because int might match the return type of a GCC
|    builtin and then its argument prototype would still apply.  */
| #ifdef __cplusplus
| extern "C"
| #endif
| char inflate ();
| int
| main ()
| {
| return inflate ();
|   ;
|   return 0;
| }
configure:2657: gcc -o conftest -g -O2       conftest.c -lz  -lm >&5
configure:2663: $? = 0
configure:2691: result: -lz
configure:2701: checking for library containing H5open
configure:2742: gcc -o conftest -g -O2       conftest.c -lz -lm >&5
/tmp/ccOibEJF.o: In function `main':
/hpc/users/xfengz02/GitHub/seqBMA/library/h5r/conftest.c:19: undefined reference to `H5open'
collect2: ld returned 1 exit status
configure:2748: $? = 1
configure: failed program was:
| /* confdefs.h.  */
| #define PACKAGE_NAME ""
| #define PACKAGE_TARNAME ""
| #define PACKAGE_VERSION ""
| #define PACKAGE_STRING ""
| #define PACKAGE_BUGREPORT ""
| /* end confdefs.h.  */
| 
| /* Override any GCC internal prototype to avoid an error.
|    Use char because int might match the return type of a GCC
|    builtin and then its argument prototype would still apply.  */
| #ifdef __cplusplus
| extern "C"
| #endif
| char H5open ();
| int
| main ()
| {
| return H5open ();
|   ;
|   return 0;
| }
configure:2742: gcc -o conftest -g -O2       conftest.c -lhdf5  -lz -lm >&5
configure:2748: $? = 0
configure:2776: result: -lhdf5
configure:2794: checking for sufficiently new HDF5
configure:2818: gcc -o conftest -g -O2       conftest.c -lhdf5 -lz -lm >&5
configure:2824: $? = 0
configure:2840: result: yes
configure:2987: creating ./config.status

## ---------------------- ##
## Running config.status. ##
## ---------------------- ##

This file was extended by config.status, which was
generated by GNU Autoconf 2.61.  Invocation command line was

  CONFIG_FILES    = 
  CONFIG_HEADERS  = 
  CONFIG_LINKS    = 
  CONFIG_COMMANDS = 
  $ ./config.status 

on minerva2

config.status:575: creating src/Makevars

## ---------------- ##
## Cache variables. ##
## ---------------- ##

ac_cv_c_compiler_gnu=yes
ac_cv_env_CC_set=
ac_cv_env_CC_value=
ac_cv_env_CFLAGS_set=
ac_cv_env_CFLAGS_value=
ac_cv_env_CPPFLAGS_set=
ac_cv_env_CPPFLAGS_value=
ac_cv_env_LDFLAGS_set=
ac_cv_env_LDFLAGS_value=
ac_cv_env_LIBS_set=
ac_cv_env_LIBS_value=
ac_cv_env_build_alias_set=
ac_cv_env_build_alias_value=
ac_cv_env_host_alias_set=
ac_cv_env_host_alias_value=
ac_cv_env_target_alias_set=
ac_cv_env_target_alias_value=
ac_cv_objext=o
ac_cv_prog_ac_ct_CC=gcc
ac_cv_prog_cc_c89=
ac_cv_prog_cc_g=yes
ac_cv_search_H5open=-lhdf5
ac_cv_search_inflate=-lz

## ----------------- ##
## Output variables. ##
## ----------------- ##

CC='gcc'
CFLAGS='-g -O2'
CPPFLAGS='  '
DEFS='-DPACKAGE_NAME=\"\" -DPACKAGE_TARNAME=\"\" -DPACKAGE_VERSION=\"\" -DPACKAGE_STRING=\"\" -DPACKAGE_BUGREPORT=\"\"'
ECHO_C=''
ECHO_N='-n'
ECHO_T=''
EXEEXT=''
HDF5CPPFLAGS=''
HDF5LDFLAGS=''
LDFLAGS='  '
LIBOBJS=''
LIBS='-lhdf5 -lz -lm'
LTLIBOBJS=''
OBJEXT='o'
PACKAGE_BUGREPORT=''
PACKAGE_NAME=''
PACKAGE_STRING=''
PACKAGE_TARNAME=''
PACKAGE_VERSION=''
PATH_SEPARATOR=':'
SHELL='/bin/sh'
ZLIBCPPFLAGS=''
ZLIBLDFLAGS=''
ac_ct_CC='gcc'
bindir='${exec_prefix}/bin'
build_alias=''
datadir='${datarootdir}'
datarootdir='${prefix}/share'
docdir='${datarootdir}/doc/${PACKAGE}'
dvidir='${docdir}'
exec_prefix='${prefix}'
host_alias=''
htmldir='${docdir}'
includedir='${prefix}/include'
infodir='${datarootdir}/info'
libdir='${exec_prefix}/lib'
libexecdir='${exec_prefix}/libexec'
localedir='${datarootdir}/locale'
localstatedir='${prefix}/var'
mandir='${datarootdir}/man'
oldincludedir='/usr/include'
pdfdir='${docdir}'
prefix='/usr/local'
program_transform_name='s,x,x,'
psdir='${docdir}'
sbindir='${exec_prefix}/sbin'
sharedstatedir='${prefix}/com'
sysconfdir='${prefix}/etc'
target_alias=''

## ----------- ##
## confdefs.h. ##
## ----------- ##

#define PACKAGE_NAME ""
#define PACKAGE_TARNAME ""
#define PACKAGE_VERSION ""
#define PACKAGE_STRING ""
#define PACKAGE_BUGREPORT ""

configure: exit 0
